running egg_info
creating ../../build/recording/recording.egg-info
writing ../../build/recording/recording.egg-info/PKG-INFO
writing dependency_links to ../../build/recording/recording.egg-info/dependency_links.txt
writing entry points to ../../build/recording/recording.egg-info/entry_points.txt
writing requirements to ../../build/recording/recording.egg-info/requires.txt
writing top-level names to ../../build/recording/recording.egg-info/top_level.txt
writing manifest file '../../build/recording/recording.egg-info/SOURCES.txt'
reading manifest file '../../build/recording/recording.egg-info/SOURCES.txt'
writing manifest file '../../build/recording/recording.egg-info/SOURCES.txt'
running build
running build_py
creating /home/toranosuke/dov_sys_ws/build/recording/build
creating /home/toranosuke/dov_sys_ws/build/recording/build/lib
creating /home/toranosuke/dov_sys_ws/build/recording/build/lib/recording
copying recording/__init__.py -> /home/toranosuke/dov_sys_ws/build/recording/build/lib/recording
copying recording/recording.py -> /home/toranosuke/dov_sys_ws/build/recording/build/lib/recording
running install
running install_lib
creating /home/toranosuke/dov_sys_ws/install/recording/lib/python3.8/site-packages/recording
copying /home/toranosuke/dov_sys_ws/build/recording/build/lib/recording/__init__.py -> /home/toranosuke/dov_sys_ws/install/recording/lib/python3.8/site-packages/recording
copying /home/toranosuke/dov_sys_ws/build/recording/build/lib/recording/recording.py -> /home/toranosuke/dov_sys_ws/install/recording/lib/python3.8/site-packages/recording
byte-compiling /home/toranosuke/dov_sys_ws/install/recording/lib/python3.8/site-packages/recording/__init__.py to __init__.cpython-38.pyc
byte-compiling /home/toranosuke/dov_sys_ws/install/recording/lib/python3.8/site-packages/recording/recording.py to recording.cpython-38.pyc
running install_data
creating /home/toranosuke/dov_sys_ws/install/recording/share/ament_index
creating /home/toranosuke/dov_sys_ws/install/recording/share/ament_index/resource_index
creating /home/toranosuke/dov_sys_ws/install/recording/share/ament_index/resource_index/packages
copying resource/recording -> /home/toranosuke/dov_sys_ws/install/recording/share/ament_index/resource_index/packages
copying package.xml -> /home/toranosuke/dov_sys_ws/install/recording/share/recording
running install_egg_info
Copying ../../build/recording/recording.egg-info to /home/toranosuke/dov_sys_ws/install/recording/lib/python3.8/site-packages/recording-0.0.0-py3.8.egg-info
running install_scripts
Installing recording script to /home/toranosuke/dov_sys_ws/install/recording/lib/recording
writing list of installed files to '/home/toranosuke/dov_sys_ws/build/recording/install.log'
