[0.242s] DEBUG:colcon:Command line arguments: ['/usr/bin/colcon', 'build']
[0.242s] DEBUG:colcon:Parsed command line arguments: Namespace(ament_cmake_args=None, base_paths=['.'], build_base='build', catkin_cmake_args=None, catkin_skip_building_tests=False, cmake_args=None, cmake_clean_cache=False, cmake_clean_first=False, cmake_force_configure=False, cmake_target=None, cmake_target_skip_unavailable=False, continue_on_error=False, event_handlers=None, executor='parallel', ignore_user_meta=False, install_base='install', log_base=None, log_level=None, main=<bound method BuildVerb.main of <colcon_core.verb.build.BuildVerb object at 0x7f92f345fd00>>, merge_install=False, metas=['./colcon.meta'], packages_above=None, packages_above_and_dependencies=None, packages_above_depth=None, packages_end=None, packages_ignore=None, packages_ignore_regex=None, packages_select=None, packages_select_build_failed=False, packages_select_by_dep=None, packages_select_regex=None, packages_select_test_failures=False, packages_skip=None, packages_skip_build_finished=False, packages_skip_by_dep=None, packages_skip_regex=None, packages_skip_test_passed=False, packages_skip_up_to=None, packages_start=None, packages_up_to=None, packages_up_to_regex=None, parallel_workers=2, paths=None, symlink_install=False, test_result_base=None, verb_extension=<colcon_core.verb.build.BuildVerb object at 0x7f92f345fd00>, verb_name='build', verb_parser=<colcon_defaults.argument_parser.defaults.DefaultArgumentsDecorator object at 0x7f92f357c2b0>)
[0.246s] Level 1:colcon.colcon_core.package_discovery:discover_packages(colcon_meta) check parameters
[0.246s] Level 1:colcon.colcon_core.package_discovery:discover_packages(recursive) check parameters
[0.246s] Level 1:colcon.colcon_core.package_discovery:discover_packages(ignore) check parameters
[0.246s] Level 1:colcon.colcon_core.package_discovery:discover_packages(path) check parameters
[0.246s] Level 1:colcon.colcon_core.package_discovery:discover_packages(colcon_meta) discover
[0.246s] Level 1:colcon.colcon_core.package_discovery:discover_packages(recursive) discover
[0.246s] INFO:colcon.colcon_core.package_discovery:Crawling recursively for packages in '/home/toranosuke/dov_sys_ws'
[0.247s] Level 1:colcon.colcon_core.package_identification:_identify(.) by extensions ['ignore', 'ignore_ament_install']
[0.247s] Level 1:colcon.colcon_core.package_identification:_identify(.) by extension 'ignore'
[0.247s] Level 1:colcon.colcon_core.package_identification:_identify(.) by extension 'ignore_ament_install'
[0.247s] Level 1:colcon.colcon_core.package_identification:_identify(.) by extensions ['colcon_pkg']
[0.247s] Level 1:colcon.colcon_core.package_identification:_identify(.) by extension 'colcon_pkg'
[0.247s] Level 1:colcon.colcon_core.package_identification:_identify(.) by extensions ['colcon_meta']
[0.247s] Level 1:colcon.colcon_core.package_identification:_identify(.) by extension 'colcon_meta'
[0.247s] Level 1:colcon.colcon_core.package_identification:_identify(.) by extensions ['ros']
[0.247s] Level 1:colcon.colcon_core.package_identification:_identify(.) by extension 'ros'
[0.256s] Level 1:colcon.colcon_core.package_identification:_identify(.) by extensions ['cmake', 'python']
[0.256s] Level 1:colcon.colcon_core.package_identification:_identify(.) by extension 'cmake'
[0.256s] Level 1:colcon.colcon_core.package_identification:_identify(.) by extension 'python'
[0.256s] Level 1:colcon.colcon_core.package_identification:_identify(.) by extensions ['python_setup_py']
[0.256s] Level 1:colcon.colcon_core.package_identification:_identify(.) by extension 'python_setup_py'
[0.256s] Level 1:colcon.colcon_core.package_identification:_identify(build) by extensions ['ignore', 'ignore_ament_install']
[0.256s] Level 1:colcon.colcon_core.package_identification:_identify(build) by extension 'ignore'
[0.256s] Level 1:colcon.colcon_core.package_identification:_identify(build) ignored
[0.256s] Level 1:colcon.colcon_core.package_identification:_identify(install) by extensions ['ignore', 'ignore_ament_install']
[0.257s] Level 1:colcon.colcon_core.package_identification:_identify(install) by extension 'ignore'
[0.257s] Level 1:colcon.colcon_core.package_identification:_identify(install) ignored
[0.257s] Level 1:colcon.colcon_core.package_identification:_identify(log) by extensions ['ignore', 'ignore_ament_install']
[0.257s] Level 1:colcon.colcon_core.package_identification:_identify(log) by extension 'ignore'
[0.257s] Level 1:colcon.colcon_core.package_identification:_identify(log) ignored
[0.257s] Level 1:colcon.colcon_core.package_identification:_identify(src) by extensions ['ignore', 'ignore_ament_install']
[0.257s] Level 1:colcon.colcon_core.package_identification:_identify(src) by extension 'ignore'
[0.257s] Level 1:colcon.colcon_core.package_identification:_identify(src) by extension 'ignore_ament_install'
[0.257s] Level 1:colcon.colcon_core.package_identification:_identify(src) by extensions ['colcon_pkg']
[0.257s] Level 1:colcon.colcon_core.package_identification:_identify(src) by extension 'colcon_pkg'
[0.257s] Level 1:colcon.colcon_core.package_identification:_identify(src) by extensions ['colcon_meta']
[0.257s] Level 1:colcon.colcon_core.package_identification:_identify(src) by extension 'colcon_meta'
[0.257s] Level 1:colcon.colcon_core.package_identification:_identify(src) by extensions ['ros']
[0.257s] Level 1:colcon.colcon_core.package_identification:_identify(src) by extension 'ros'
[0.257s] Level 1:colcon.colcon_core.package_identification:_identify(src) by extensions ['cmake', 'python']
[0.257s] Level 1:colcon.colcon_core.package_identification:_identify(src) by extension 'cmake'
[0.257s] Level 1:colcon.colcon_core.package_identification:_identify(src) by extension 'python'
[0.257s] Level 1:colcon.colcon_core.package_identification:_identify(src) by extensions ['python_setup_py']
[0.257s] Level 1:colcon.colcon_core.package_identification:_identify(src) by extension 'python_setup_py'
[0.257s] Level 1:colcon.colcon_core.package_identification:_identify(src/recording) by extensions ['ignore', 'ignore_ament_install']
[0.258s] Level 1:colcon.colcon_core.package_identification:_identify(src/recording) by extension 'ignore'
[0.258s] Level 1:colcon.colcon_core.package_identification:_identify(src/recording) by extension 'ignore_ament_install'
[0.258s] Level 1:colcon.colcon_core.package_identification:_identify(src/recording) by extensions ['colcon_pkg']
[0.258s] Level 1:colcon.colcon_core.package_identification:_identify(src/recording) by extension 'colcon_pkg'
[0.258s] Level 1:colcon.colcon_core.package_identification:_identify(src/recording) by extensions ['colcon_meta']
[0.258s] Level 1:colcon.colcon_core.package_identification:_identify(src/recording) by extension 'colcon_meta'
[0.258s] Level 1:colcon.colcon_core.package_identification:_identify(src/recording) by extensions ['ros']
[0.258s] Level 1:colcon.colcon_core.package_identification:_identify(src/recording) by extension 'ros'
[0.264s] DEBUG:colcon.colcon_core.package_identification:Package 'src/recording' with type 'ros.ament_python' and name 'recording'
[0.264s] Level 1:colcon.colcon_core.package_discovery:discover_packages(recursive) using defaults
[0.264s] Level 1:colcon.colcon_core.package_discovery:discover_packages(ignore) discover
[0.264s] Level 1:colcon.colcon_core.package_discovery:discover_packages(ignore) using defaults
[0.264s] Level 1:colcon.colcon_core.package_discovery:discover_packages(path) discover
[0.264s] Level 1:colcon.colcon_core.package_discovery:discover_packages(path) using defaults
[0.282s] Level 5:colcon.colcon_core.verb:set package 'recording' build argument 'cmake_args' from command line to 'None'
[0.282s] Level 5:colcon.colcon_core.verb:set package 'recording' build argument 'cmake_target' from command line to 'None'
[0.282s] Level 5:colcon.colcon_core.verb:set package 'recording' build argument 'cmake_target_skip_unavailable' from command line to 'False'
[0.282s] Level 5:colcon.colcon_core.verb:set package 'recording' build argument 'cmake_clean_cache' from command line to 'False'
[0.282s] Level 5:colcon.colcon_core.verb:set package 'recording' build argument 'cmake_clean_first' from command line to 'False'
[0.282s] Level 5:colcon.colcon_core.verb:set package 'recording' build argument 'cmake_force_configure' from command line to 'False'
[0.282s] Level 5:colcon.colcon_core.verb:set package 'recording' build argument 'ament_cmake_args' from command line to 'None'
[0.282s] Level 5:colcon.colcon_core.verb:set package 'recording' build argument 'catkin_cmake_args' from command line to 'None'
[0.282s] Level 5:colcon.colcon_core.verb:set package 'recording' build argument 'catkin_skip_building_tests' from command line to 'False'
[0.282s] DEBUG:colcon.colcon_core.verb:Building package 'recording' with the following arguments: {'ament_cmake_args': None, 'build_base': '/home/toranosuke/dov_sys_ws/build/recording', 'catkin_cmake_args': None, 'catkin_skip_building_tests': False, 'cmake_args': None, 'cmake_clean_cache': False, 'cmake_clean_first': False, 'cmake_force_configure': False, 'cmake_target': None, 'cmake_target_skip_unavailable': False, 'install_base': '/home/toranosuke/dov_sys_ws/install/recording', 'merge_install': False, 'path': '/home/toranosuke/dov_sys_ws/src/recording', 'symlink_install': False, 'test_result_base': None}
[0.282s] INFO:colcon.colcon_core.executor:Executing jobs using 'parallel' executor
[0.284s] DEBUG:colcon.colcon_parallel_executor.executor.parallel:run_until_complete
[0.284s] INFO:colcon.colcon_ros.task.ament_python.build:Building ROS package in '/home/toranosuke/dov_sys_ws/src/recording' with build type 'ament_python'
[0.284s] Level 1:colcon.colcon_core.shell:create_environment_hook('recording', 'ament_prefix_path')
[0.287s] INFO:colcon.colcon_core.plugin_system:Skipping extension 'colcon_core.shell.bat': Not used on non-Windows systems
[0.288s] INFO:colcon.colcon_core.shell:Creating environment hook '/home/toranosuke/dov_sys_ws/install/recording/share/recording/hook/ament_prefix_path.ps1'
[0.290s] INFO:colcon.colcon_core.shell:Creating environment descriptor '/home/toranosuke/dov_sys_ws/install/recording/share/recording/hook/ament_prefix_path.dsv'
[0.291s] INFO:colcon.colcon_core.shell:Creating environment hook '/home/toranosuke/dov_sys_ws/install/recording/share/recording/hook/ament_prefix_path.sh'
[0.293s] INFO:colcon.colcon_core.shell:Skip shell extension 'powershell' for command environment: Not usable outside of PowerShell
[0.293s] DEBUG:colcon.colcon_core.shell:Skip shell extension 'dsv' for command environment
[0.479s] INFO:colcon.colcon_core.task.python.build:Building Python package in '/home/toranosuke/dov_sys_ws/src/recording'
[0.480s] INFO:colcon.colcon_core.shell:Skip shell extension 'powershell' for command environment: Not usable outside of PowerShell
[0.480s] DEBUG:colcon.colcon_core.shell:Skip shell extension 'dsv' for command environment
[0.489s] DEBUG:colcon.colcon_core.event_handler.log_command:Invoking command in '/home/toranosuke/dov_sys_ws/src/recording': PYTHONPATH=/home/toranosuke/dov_sys_ws/install/recording/lib/python3.8/site-packages:${PYTHONPATH} /usr/bin/python3 setup.py egg_info --egg-base ../../build/recording build --build-base /home/toranosuke/dov_sys_ws/build/recording/build install --prefix /home/toranosuke/dov_sys_ws/install/recording --record /home/toranosuke/dov_sys_ws/build/recording/install.log --single-version-externally-managed
[0.771s] DEBUG:colcon.colcon_core.event_handler.log_command:Invoked command in '/home/toranosuke/dov_sys_ws/src/recording' returned '0': PYTHONPATH=/home/toranosuke/dov_sys_ws/install/recording/lib/python3.8/site-packages:${PYTHONPATH} /usr/bin/python3 setup.py egg_info --egg-base ../../build/recording build --build-base /home/toranosuke/dov_sys_ws/build/recording/build install --prefix /home/toranosuke/dov_sys_ws/install/recording --record /home/toranosuke/dov_sys_ws/build/recording/install.log --single-version-externally-managed
[0.783s] Level 1:colcon.colcon_core.environment:checking '/home/toranosuke/dov_sys_ws/install/recording' for CMake module files
[0.783s] Level 1:colcon.colcon_core.environment:checking '/home/toranosuke/dov_sys_ws/install/recording' for CMake config files
[0.784s] Level 1:colcon.colcon_core.environment:checking '/home/toranosuke/dov_sys_ws/install/recording/lib'
[0.784s] Level 1:colcon.colcon_core.environment:checking '/home/toranosuke/dov_sys_ws/install/recording/bin'
[0.784s] Level 1:colcon.colcon_core.environment:checking '/home/toranosuke/dov_sys_ws/install/recording/lib/pkgconfig/recording.pc'
[0.784s] Level 1:colcon.colcon_core.environment:checking '/home/toranosuke/dov_sys_ws/install/recording/lib/python3.8/site-packages'
[0.784s] Level 1:colcon.colcon_core.shell:create_environment_hook('recording', 'pythonpath')
[0.785s] INFO:colcon.colcon_core.shell:Creating environment hook '/home/toranosuke/dov_sys_ws/install/recording/share/recording/hook/pythonpath.ps1'
[0.785s] INFO:colcon.colcon_core.shell:Creating environment descriptor '/home/toranosuke/dov_sys_ws/install/recording/share/recording/hook/pythonpath.dsv'
[0.785s] INFO:colcon.colcon_core.shell:Creating environment hook '/home/toranosuke/dov_sys_ws/install/recording/share/recording/hook/pythonpath.sh'
[0.786s] Level 1:colcon.colcon_core.environment:create_environment_scripts_only(recording)
[0.787s] INFO:colcon.colcon_core.shell:Creating package script '/home/toranosuke/dov_sys_ws/install/recording/share/recording/package.ps1'
[0.788s] INFO:colcon.colcon_core.shell:Creating package descriptor '/home/toranosuke/dov_sys_ws/install/recording/share/recording/package.dsv'
[0.789s] INFO:colcon.colcon_core.shell:Creating package script '/home/toranosuke/dov_sys_ws/install/recording/share/recording/package.sh'
[0.790s] INFO:colcon.colcon_core.shell:Creating package script '/home/toranosuke/dov_sys_ws/install/recording/share/recording/package.bash'
[0.791s] INFO:colcon.colcon_core.shell:Creating package script '/home/toranosuke/dov_sys_ws/install/recording/share/recording/package.zsh'
[0.792s] Level 1:colcon.colcon_core.environment:create_file_with_runtime_dependencies(/home/toranosuke/dov_sys_ws/install/recording/share/colcon-core/packages/recording)
[0.793s] DEBUG:colcon.colcon_parallel_executor.executor.parallel:closing loop
[0.793s] DEBUG:colcon.colcon_parallel_executor.executor.parallel:loop closed
[0.793s] DEBUG:colcon.colcon_parallel_executor.executor.parallel:run_until_complete finished with '0'
[0.793s] DEBUG:colcon.colcon_core.event_reactor:joining thread
[0.800s] INFO:colcon.colcon_core.plugin_system:Skipping extension 'colcon_notification.desktop_notification.terminal_notifier': Not used on non-Darwin systems
[0.800s] INFO:colcon.colcon_core.plugin_system:Skipping extension 'colcon_notification.desktop_notification.win32': Not used on non-Windows systems
[0.800s] INFO:colcon.colcon_notification.desktop_notification:Sending desktop notification using 'notify2'
[0.821s] DEBUG:colcon.colcon_core.event_reactor:joined thread
[0.822s] INFO:colcon.colcon_core.shell:Creating prefix script '/home/toranosuke/dov_sys_ws/install/local_setup.ps1'
[0.822s] INFO:colcon.colcon_core.shell:Creating prefix util module '/home/toranosuke/dov_sys_ws/install/_local_setup_util_ps1.py'
[0.824s] INFO:colcon.colcon_core.shell:Creating prefix chain script '/home/toranosuke/dov_sys_ws/install/setup.ps1'
[0.826s] INFO:colcon.colcon_core.shell:Creating prefix script '/home/toranosuke/dov_sys_ws/install/local_setup.sh'
[0.826s] INFO:colcon.colcon_core.shell:Creating prefix util module '/home/toranosuke/dov_sys_ws/install/_local_setup_util_sh.py'
[0.827s] INFO:colcon.colcon_core.shell:Creating prefix chain script '/home/toranosuke/dov_sys_ws/install/setup.sh'
[0.829s] INFO:colcon.colcon_core.shell:Creating prefix script '/home/toranosuke/dov_sys_ws/install/local_setup.bash'
[0.830s] INFO:colcon.colcon_core.shell:Creating prefix chain script '/home/toranosuke/dov_sys_ws/install/setup.bash'
[0.833s] INFO:colcon.colcon_core.shell:Creating prefix script '/home/toranosuke/dov_sys_ws/install/local_setup.zsh'
[0.833s] INFO:colcon.colcon_core.shell:Creating prefix chain script '/home/toranosuke/dov_sys_ws/install/setup.zsh'
